{"D:\\Senny\\Web\\Avia-Tickets\\src\\js\\app.js": {"path":"D:\\Senny\\Web\\Avia-Tickets\\src\\js\\app.js","statementMap":{"0":{"start":{"line":11,"column":14},"end":{"line":11,"column":18}},"1":{"start":{"line":13,"column":0},"end":{"line":97,"column":2}},"2":{"start":{"line":14,"column":8},"end":{"line":14,"column":18}},"3":{"start":{"line":15,"column":8},"end":{"line":15,"column":25}},"4":{"start":{"line":16,"column":21},"end":{"line":16,"column":32}},"5":{"start":{"line":17,"column":26},"end":{"line":17,"column":70}},"6":{"start":{"line":20,"column":8},"end":{"line":23,"column":10}},"7":{"start":{"line":21,"column":16},"end":{"line":21,"column":35}},"8":{"start":{"line":22,"column":16},"end":{"line":22,"column":31}},"9":{"start":{"line":25,"column":8},"end":{"line":25,"column":26}},"10":{"start":{"line":29,"column":16},"end":{"line":29,"column":39}},"11":{"start":{"line":30,"column":16},"end":{"line":30,"column":70}},"12":{"start":{"line":33,"column":16},"end":{"line":47,"column":17}},"13":{"start":{"line":34,"column":24},"end":{"line":34,"column":49}},"14":{"start":{"line":35,"column":24},"end":{"line":35,"column":50}},"15":{"start":{"line":36,"column":24},"end":{"line":36,"column":52}},"16":{"start":{"line":37,"column":24},"end":{"line":37,"column":52}},"17":{"start":{"line":38,"column":24},"end":{"line":38,"column":49}},"18":{"start":{"line":39,"column":24},"end":{"line":39,"column":50}},"19":{"start":{"line":40,"column":24},"end":{"line":40,"column":51}},"20":{"start":{"line":41,"column":24},"end":{"line":41,"column":51}},"21":{"start":{"line":42,"column":24},"end":{"line":42,"column":58}},"22":{"start":{"line":43,"column":24},"end":{"line":43,"column":63}},"23":{"start":{"line":45,"column":24},"end":{"line":45,"column":52}},"24":{"start":{"line":46,"column":24},"end":{"line":46,"column":47}},"25":{"start":{"line":49,"column":16},"end":{"line":49,"column":35}},"26":{"start":{"line":54,"column":31},"end":{"line":54,"column":77}},"27":{"start":{"line":55,"column":36},"end":{"line":55,"column":87}},"28":{"start":{"line":56,"column":36},"end":{"line":56,"column":58}},"29":{"start":{"line":57,"column":36},"end":{"line":57,"column":58}},"30":{"start":{"line":58,"column":33},"end":{"line":58,"column":57}},"31":{"start":{"line":61,"column":16},"end":{"line":67,"column":19}},"32":{"start":{"line":69,"column":16},"end":{"line":69,"column":62}},"33":{"start":{"line":71,"column":16},"end":{"line":74,"column":17}},"34":{"start":{"line":72,"column":24},"end":{"line":72,"column":53}},"35":{"start":{"line":73,"column":24},"end":{"line":73,"column":58}},"36":{"start":{"line":78,"column":31},"end":{"line":78,"column":44}},"37":{"start":{"line":80,"column":16},"end":{"line":84,"column":17}},"38":{"start":{"line":81,"column":24},"end":{"line":81,"column":58}},"39":{"start":{"line":83,"column":24},"end":{"line":83,"column":61}},"40":{"start":{"line":86,"column":16},"end":{"line":95,"column":17}},"41":{"start":{"line":86,"column":29},"end":{"line":86,"column":30}},"42":{"start":{"line":86,"column":38},"end":{"line":86,"column":53}},"43":{"start":{"line":87,"column":24},"end":{"line":94,"column":25}},"44":{"start":{"line":88,"column":32},"end":{"line":88,"column":70}},"45":{"start":{"line":89,"column":32},"end":{"line":89,"column":60}},"46":{"start":{"line":92,"column":32},"end":{"line":92,"column":73}},"47":{"start":{"line":93,"column":32},"end":{"line":93,"column":61}}},"fnMap":{"0":{"name":"(anonymous_0)","decl":{"start":{"line":13,"column":46},"end":{"line":13,"column":47}},"loc":{"start":{"line":13,"column":52},"end":{"line":97,"column":1}},"line":13},"1":{"name":"(anonymous_1)","decl":{"start":{"line":20,"column":40},"end":{"line":20,"column":41}},"loc":{"start":{"line":20,"column":47},"end":{"line":23,"column":9}},"line":20},"2":{"name":"initApp","decl":{"start":{"line":28,"column":23},"end":{"line":28,"column":30}},"loc":{"start":{"line":28,"column":33},"end":{"line":50,"column":9}},"line":28},"3":{"name":"onFormSubmit","decl":{"start":{"line":52,"column":23},"end":{"line":52,"column":35}},"loc":{"start":{"line":52,"column":38},"end":{"line":75,"column":9}},"line":52},"4":{"name":"formDisable","decl":{"start":{"line":77,"column":17},"end":{"line":77,"column":28}},"loc":{"start":{"line":77,"column":36},"end":{"line":96,"column":9}},"line":77}},"branchMap":{"0":{"loc":{"start":{"line":33,"column":16},"end":{"line":47,"column":17}},"type":"if","locations":[{"start":{"line":33,"column":16},"end":{"line":47,"column":17}},{"start":{},"end":{}}],"line":33},"1":{"loc":{"start":{"line":71,"column":16},"end":{"line":74,"column":17}},"type":"if","locations":[{"start":{"line":71,"column":16},"end":{"line":74,"column":17}},{"start":{},"end":{}}],"line":71},"2":{"loc":{"start":{"line":80,"column":16},"end":{"line":84,"column":17}},"type":"if","locations":[{"start":{"line":80,"column":16},"end":{"line":84,"column":17}},{"start":{"line":82,"column":23},"end":{"line":84,"column":17}}],"line":80},"3":{"loc":{"start":{"line":87,"column":24},"end":{"line":94,"column":25}},"type":"if","locations":[{"start":{"line":87,"column":24},"end":{"line":94,"column":25}},{"start":{"line":91,"column":31},"end":{"line":94,"column":25}}],"line":87}},"s":{"0":0,"1":0,"2":0,"3":0,"4":0,"5":0,"6":0,"7":0,"8":0,"9":0,"10":0,"11":0,"12":0,"13":0,"14":0,"15":0,"16":0,"17":0,"18":0,"19":0,"20":0,"21":0,"22":0,"23":0,"24":0,"25":0,"26":0,"27":0,"28":0,"29":0,"30":0,"31":0,"32":0,"33":0,"34":0,"35":0,"36":0,"37":0,"38":0,"39":0,"40":0,"41":0,"42":0,"43":0,"44":0,"45":0,"46":0,"47":0},"f":{"0":0,"1":0,"2":0,"3":0,"4":0},"b":{"0":[0,0],"1":[0,0],"2":[0,0],"3":[0,0]}}
,"D:\\Senny\\Web\\Avia-Tickets\\src\\js\\config\\apiConfig.js": {"path":"D:\\Senny\\Web\\Avia-Tickets\\src\\js\\config\\apiConfig.js","statementMap":{"0":{"start":{"line":1,"column":15},"end":{"line":3,"column":1}}},"fnMap":{},"branchMap":{},"s":{"0":1},"f":{},"b":{},"_coverageSchema":"1a1c01bbd47fc00a2c39e90264f33305004495a9","hash":"36d970ec50c1b42e6e9de9b723340173be8bbd9e"}
,"D:\\Senny\\Web\\Avia-Tickets\\src\\js\\helpers\\date.js": {"path":"D:\\Senny\\Web\\Avia-Tickets\\src\\js\\helpers\\date.js","statementMap":{"0":{"start":{"line":4,"column":17},"end":{"line":4,"column":30}},"1":{"start":{"line":5,"column":4},"end":{"line":5,"column":30}}},"fnMap":{"0":{"name":"formatDate","decl":{"start":{"line":3,"column":16},"end":{"line":3,"column":26}},"loc":{"start":{"line":3,"column":38},"end":{"line":6,"column":1}},"line":3}},"branchMap":{},"s":{"0":1,"1":1},"f":{"0":1},"b":{},"_coverageSchema":"1a1c01bbd47fc00a2c39e90264f33305004495a9","hash":"b77e22c0b90d9a79a4e6b367cff3468c2ddfc587"}
,"D:\\Senny\\Web\\Avia-Tickets\\src\\js\\helpers\\md5.js": {"path":"D:\\Senny\\Web\\Avia-Tickets\\src\\js\\helpers\\md5.js","statementMap":{"0":{"start":{"line":1,"column":10},"end":{"line":1,"column":78}},"1":{"start":{"line":1,"column":30},"end":{"line":1,"column":54}},"2":{"start":{"line":1,"column":55},"end":{"line":1,"column":77}},"3":{"start":{"line":1,"column":93},"end":{"line":1,"column":203}},"4":{"start":{"line":1,"column":105},"end":{"line":1,"column":123}},"5":{"start":{"line":1,"column":126},"end":{"line":1,"column":128}},"6":{"start":{"line":1,"column":131},"end":{"line":1,"column":132}},"7":{"start":{"line":1,"column":148},"end":{"line":1,"column":203}},"8":{"start":{"line":1,"column":203},"end":{"line":1,"column":211}},"9":{"start":{"line":1,"column":226},"end":{"line":1,"column":281}},"10":{"start":{"line":1,"column":236},"end":{"line":1,"column":254}},"11":{"start":{"line":1,"column":257},"end":{"line":1,"column":258}},"12":{"start":{"line":1,"column":274},"end":{"line":1,"column":281}},"13":{"start":{"line":1,"column":281},"end":{"line":1,"column":346}},"14":{"start":{"line":1,"column":307},"end":{"line":1,"column":346}},"15":{"start":{"line":1,"column":346},"end":{"line":1,"column":354}},"16":{"start":{"line":1,"column":369},"end":{"line":1,"column":448}},"17":{"start":{"line":1,"column":379},"end":{"line":1,"column":381}},"18":{"start":{"line":1,"column":384},"end":{"line":1,"column":385}},"19":{"start":{"line":1,"column":405},"end":{"line":1,"column":448}},"20":{"start":{"line":1,"column":448},"end":{"line":1,"column":456}},"21":{"start":{"line":1,"column":473},"end":{"line":1,"column":514}},"22":{"start":{"line":1,"column":514},"end":{"line":1,"column":3046}},"23":{"start":{"line":1,"column":524},"end":{"line":1,"column":534}},"24":{"start":{"line":1,"column":537},"end":{"line":1,"column":547}},"25":{"start":{"line":1,"column":550},"end":{"line":1,"column":561}},"26":{"start":{"line":1,"column":564},"end":{"line":1,"column":573}},"27":{"start":{"line":1,"column":576},"end":{"line":1,"column":577}},"28":{"start":{"line":1,"column":602},"end":{"line":1,"column":603}},"29":{"start":{"line":1,"column":606},"end":{"line":1,"column":607}},"30":{"start":{"line":1,"column":610},"end":{"line":1,"column":611}},"31":{"start":{"line":1,"column":614},"end":{"line":1,"column":615}},"32":{"start":{"line":1,"column":616},"end":{"line":1,"column":3045}},"33":{"start":{"line":1,"column":3046},"end":{"line":1,"column":3067}},"34":{"start":{"line":1,"column":3098},"end":{"line":1,"column":3165}},"35":{"start":{"line":1,"column":3197},"end":{"line":1,"column":3231}},"36":{"start":{"line":1,"column":3263},"end":{"line":1,"column":3297}},"37":{"start":{"line":1,"column":3329},"end":{"line":1,"column":3360}},"38":{"start":{"line":1,"column":3392},"end":{"line":1,"column":3426}},"39":{"start":{"line":1,"column":3456},"end":{"line":1,"column":3475}},"40":{"start":{"line":1,"column":3476},"end":{"line":1,"column":3517}},"41":{"start":{"line":1,"column":3540},"end":{"line":1,"column":3560}}},"fnMap":{"0":{"name":"(anonymous_0)","decl":{"start":{"line":1,"column":10},"end":{"line":1,"column":11}},"loc":{"start":{"line":1,"column":21},"end":{"line":1,"column":78}},"line":1},"1":{"name":"M","decl":{"start":{"line":1,"column":88},"end":{"line":1,"column":89}},"loc":{"start":{"line":1,"column":92},"end":{"line":1,"column":212}},"line":1},"2":{"name":"X","decl":{"start":{"line":1,"column":221},"end":{"line":1,"column":222}},"loc":{"start":{"line":1,"column":225},"end":{"line":1,"column":355}},"line":1},"3":{"name":"V","decl":{"start":{"line":1,"column":364},"end":{"line":1,"column":365}},"loc":{"start":{"line":1,"column":368},"end":{"line":1,"column":457}},"line":1},"4":{"name":"Y","decl":{"start":{"line":1,"column":466},"end":{"line":1,"column":467}},"loc":{"start":{"line":1,"column":472},"end":{"line":1,"column":3068}},"line":1},"5":{"name":"md5_cmn","decl":{"start":{"line":1,"column":3077},"end":{"line":1,"column":3084}},"loc":{"start":{"line":1,"column":3097},"end":{"line":1,"column":3166}},"line":1},"6":{"name":"md5_ff","decl":{"start":{"line":1,"column":3175},"end":{"line":1,"column":3181}},"loc":{"start":{"line":1,"column":3196},"end":{"line":1,"column":3232}},"line":1},"7":{"name":"md5_gg","decl":{"start":{"line":1,"column":3241},"end":{"line":1,"column":3247}},"loc":{"start":{"line":1,"column":3262},"end":{"line":1,"column":3298}},"line":1},"8":{"name":"md5_hh","decl":{"start":{"line":1,"column":3307},"end":{"line":1,"column":3313}},"loc":{"start":{"line":1,"column":3328},"end":{"line":1,"column":3361}},"line":1},"9":{"name":"md5_ii","decl":{"start":{"line":1,"column":3370},"end":{"line":1,"column":3376}},"loc":{"start":{"line":1,"column":3391},"end":{"line":1,"column":3427}},"line":1},"10":{"name":"safe_add","decl":{"start":{"line":1,"column":3436},"end":{"line":1,"column":3444}},"loc":{"start":{"line":1,"column":3449},"end":{"line":1,"column":3518}},"line":1},"11":{"name":"bit_rol","decl":{"start":{"line":1,"column":3527},"end":{"line":1,"column":3534}},"loc":{"start":{"line":1,"column":3539},"end":{"line":1,"column":3561}},"line":1}},"branchMap":{},"s":{"0":1,"1":0,"2":0,"3":0,"4":0,"5":0,"6":0,"7":0,"8":0,"9":0,"10":0,"11":0,"12":0,"13":0,"14":0,"15":0,"16":0,"17":0,"18":0,"19":0,"20":0,"21":0,"22":0,"23":0,"24":0,"25":0,"26":0,"27":0,"28":0,"29":0,"30":0,"31":0,"32":0,"33":0,"34":0,"35":0,"36":0,"37":0,"38":0,"39":0,"40":0,"41":0},"f":{"0":0,"1":0,"2":0,"3":0,"4":0,"5":0,"6":0,"7":0,"8":0,"9":0,"10":0,"11":0},"b":{},"_coverageSchema":"1a1c01bbd47fc00a2c39e90264f33305004495a9","hash":"e6f2e7a5ea99cf6a85f8de895401a2b90707f022"}
,"D:\\Senny\\Web\\Avia-Tickets\\src\\js\\libs\\index.js": {"path":"D:\\Senny\\Web\\Avia-Tickets\\src\\js\\libs\\index.js","statementMap":{},"fnMap":{},"branchMap":{},"s":{},"f":{},"b":{}}
,"D:\\Senny\\Web\\Avia-Tickets\\src\\js\\libs\\materialize.js": {"path":"D:\\Senny\\Web\\Avia-Tickets\\src\\js\\libs\\materialize.js","statementMap":{"0":{"start":{"line":5,"column":15},"end":{"line":5,"column":50}},"1":{"start":{"line":6,"column":0},"end":{"line":6,"column":26}},"2":{"start":{"line":9,"column":4},"end":{"line":9,"column":42}},"3":{"start":{"line":13,"column":21},"end":{"line":13,"column":63}},"4":{"start":{"line":14,"column":0},"end":{"line":20,"column":3}},"5":{"start":{"line":23,"column":4},"end":{"line":23,"column":44}},"6":{"start":{"line":27,"column":19},"end":{"line":27,"column":59}},"7":{"start":{"line":28,"column":0},"end":{"line":32,"column":3}},"8":{"start":{"line":35,"column":4},"end":{"line":35,"column":42}}},"fnMap":{"0":{"name":"getSelectInstance","decl":{"start":{"line":8,"column":16},"end":{"line":8,"column":33}},"loc":{"start":{"line":8,"column":40},"end":{"line":10,"column":1}},"line":8},"1":{"name":"getAutocompleteInstance","decl":{"start":{"line":22,"column":16},"end":{"line":22,"column":39}},"loc":{"start":{"line":22,"column":46},"end":{"line":24,"column":1}},"line":22},"2":{"name":"getDatePickerInstance","decl":{"start":{"line":34,"column":16},"end":{"line":34,"column":37}},"loc":{"start":{"line":34,"column":44},"end":{"line":36,"column":1}},"line":34}},"branchMap":{},"s":{"0":0,"1":0,"2":0,"3":0,"4":0,"5":0,"6":0,"7":0,"8":0},"f":{"0":0,"1":0,"2":0},"b":{}}
,"D:\\Senny\\Web\\Avia-Tickets\\src\\js\\services\\apiService.js": {"path":"D:\\Senny\\Web\\Avia-Tickets\\src\\js\\services\\apiService.js","statementMap":{"0":{"start":{"line":13,"column":8},"end":{"line":13,"column":30}},"1":{"start":{"line":17,"column":8},"end":{"line":23,"column":9}},"2":{"start":{"line":18,"column":29},"end":{"line":18,"column":69}},"3":{"start":{"line":19,"column":12},"end":{"line":19,"column":33}},"4":{"start":{"line":21,"column":12},"end":{"line":21,"column":29}},"5":{"start":{"line":22,"column":12},"end":{"line":22,"column":37}},"6":{"start":{"line":27,"column":8},"end":{"line":33,"column":9}},"7":{"start":{"line":28,"column":29},"end":{"line":28,"column":66}},"8":{"start":{"line":29,"column":12},"end":{"line":29,"column":33}},"9":{"start":{"line":31,"column":12},"end":{"line":31,"column":29}},"10":{"start":{"line":32,"column":12},"end":{"line":32,"column":37}},"11":{"start":{"line":37,"column":8},"end":{"line":45,"column":9}},"12":{"start":{"line":38,"column":29},"end":{"line":40,"column":14}},"13":{"start":{"line":41,"column":12},"end":{"line":41,"column":33}},"14":{"start":{"line":43,"column":12},"end":{"line":43,"column":29}},"15":{"start":{"line":44,"column":12},"end":{"line":44,"column":37}},"16":{"start":{"line":49,"column":8},"end":{"line":55,"column":9}},"17":{"start":{"line":50,"column":29},"end":{"line":50,"column":68}},"18":{"start":{"line":51,"column":12},"end":{"line":51,"column":33}},"19":{"start":{"line":53,"column":12},"end":{"line":53,"column":29}},"20":{"start":{"line":54,"column":12},"end":{"line":54,"column":37}},"21":{"start":{"line":59,"column":12},"end":{"line":59,"column":27}}},"fnMap":{"0":{"name":"(anonymous_0)","decl":{"start":{"line":12,"column":4},"end":{"line":12,"column":5}},"loc":{"start":{"line":12,"column":24},"end":{"line":14,"column":5}},"line":12},"1":{"name":"(anonymous_1)","decl":{"start":{"line":16,"column":4},"end":{"line":16,"column":5}},"loc":{"start":{"line":16,"column":22},"end":{"line":24,"column":5}},"line":16},"2":{"name":"(anonymous_2)","decl":{"start":{"line":26,"column":4},"end":{"line":26,"column":5}},"loc":{"start":{"line":26,"column":19},"end":{"line":34,"column":5}},"line":26},"3":{"name":"(anonymous_3)","decl":{"start":{"line":36,"column":4},"end":{"line":36,"column":5}},"loc":{"start":{"line":36,"column":25},"end":{"line":46,"column":5}},"line":36},"4":{"name":"(anonymous_4)","decl":{"start":{"line":48,"column":4},"end":{"line":48,"column":5}},"loc":{"start":{"line":48,"column":21},"end":{"line":56,"column":5}},"line":48}},"branchMap":{},"s":{"0":1,"1":0,"2":0,"3":0,"4":0,"5":0,"6":0,"7":0,"8":0,"9":0,"10":0,"11":0,"12":0,"13":0,"14":0,"15":0,"16":0,"17":0,"18":0,"19":0,"20":0,"21":1},"f":{"0":1,"1":0,"2":0,"3":0,"4":0},"b":{},"_coverageSchema":"1a1c01bbd47fc00a2c39e90264f33305004495a9","hash":"e2989c93a26b6d8afc68391bacb04e8b7eab488a"}
,"D:\\Senny\\Web\\Avia-Tickets\\src\\js\\store\\favorites.js": {"path":"D:\\Senny\\Web\\Avia-Tickets\\src\\js\\store\\favorites.js","statementMap":{"0":{"start":{"line":6,"column":8},"end":{"line":6,"column":32}},"1":{"start":{"line":7,"column":8},"end":{"line":7,"column":35}},"2":{"start":{"line":8,"column":8},"end":{"line":8,"column":38}},"3":{"start":{"line":9,"column":8},"end":{"line":9,"column":29}},"4":{"start":{"line":10,"column":8},"end":{"line":10,"column":32}},"5":{"start":{"line":11,"column":8},"end":{"line":11,"column":44}},"6":{"start":{"line":15,"column":8},"end":{"line":15,"column":76}},"7":{"start":{"line":16,"column":8},"end":{"line":16,"column":91}},"8":{"start":{"line":17,"column":8},"end":{"line":17,"column":75}},"9":{"start":{"line":18,"column":8},"end":{"line":18,"column":68}},"10":{"start":{"line":19,"column":8},"end":{"line":19,"column":73}},"11":{"start":{"line":20,"column":8},"end":{"line":20,"column":70}},"12":{"start":{"line":21,"column":8},"end":{"line":21,"column":83}},"13":{"start":{"line":22,"column":8},"end":{"line":22,"column":108}},"14":{"start":{"line":24,"column":8},"end":{"line":24,"column":48}},"15":{"start":{"line":28,"column":8},"end":{"line":32,"column":11}},"16":{"start":{"line":29,"column":12},"end":{"line":31,"column":13}},"17":{"start":{"line":30,"column":16},"end":{"line":30,"column":51}},"18":{"start":{"line":34,"column":8},"end":{"line":34,"column":46}},"19":{"start":{"line":38,"column":8},"end":{"line":45,"column":9}},"20":{"start":{"line":39,"column":29},"end":{"line":39,"column":65}},"21":{"start":{"line":40,"column":12},"end":{"line":40,"column":45}},"22":{"start":{"line":42,"column":12},"end":{"line":44,"column":13}},"23":{"start":{"line":43,"column":16},"end":{"line":43,"column":53}},"24":{"start":{"line":49,"column":8},"end":{"line":55,"column":9}},"25":{"start":{"line":50,"column":29},"end":{"line":50,"column":65}},"26":{"start":{"line":52,"column":12},"end":{"line":54,"column":13}},"27":{"start":{"line":53,"column":16},"end":{"line":53,"column":58}},"28":{"start":{"line":59,"column":8},"end":{"line":61,"column":11}},"29":{"start":{"line":60,"column":12},"end":{"line":60,"column":70}},"30":{"start":{"line":63,"column":8},"end":{"line":63,"column":36}},"31":{"start":{"line":67,"column":8},"end":{"line":67,"column":35}},"32":{"start":{"line":69,"column":8},"end":{"line":82,"column":9}},"33":{"start":{"line":69,"column":21},"end":{"line":69,"column":22}},"34":{"start":{"line":70,"column":12},"end":{"line":70,"column":80}},"35":{"start":{"line":70,"column":71},"end":{"line":70,"column":80}},"36":{"start":{"line":72,"column":31},"end":{"line":72,"column":72}},"37":{"start":{"line":73,"column":25},"end":{"line":73,"column":29}},"38":{"start":{"line":75,"column":12},"end":{"line":79,"column":13}},"39":{"start":{"line":76,"column":16},"end":{"line":76,"column":50}},"40":{"start":{"line":78,"column":16},"end":{"line":78,"column":30}},"41":{"start":{"line":81,"column":12},"end":{"line":81,"column":74}},"42":{"start":{"line":81,"column":39},"end":{"line":81,"column":74}},"43":{"start":{"line":84,"column":8},"end":{"line":84,"column":36}},"44":{"start":{"line":88,"column":8},"end":{"line":88,"column":37}},"45":{"start":{"line":92,"column":8},"end":{"line":128,"column":10}},"46":{"start":{"line":132,"column":8},"end":{"line":132,"column":29}},"47":{"start":{"line":134,"column":8},"end":{"line":136,"column":9}},"48":{"start":{"line":135,"column":12},"end":{"line":135,"column":58}},"49":{"start":{"line":138,"column":23},"end":{"line":138,"column":25}},"50":{"start":{"line":139,"column":25},"end":{"line":139,"column":49}},"51":{"start":{"line":141,"column":8},"end":{"line":144,"column":11}},"52":{"start":{"line":142,"column":29},"end":{"line":142,"column":74}},"53":{"start":{"line":143,"column":12},"end":{"line":143,"column":33}},"54":{"start":{"line":146,"column":8},"end":{"line":146,"column":65}},"55":{"start":{"line":150,"column":8},"end":{"line":150,"column":44}},"56":{"start":{"line":151,"column":8},"end":{"line":151,"column":81}},"57":{"start":{"line":151,"column":38},"end":{"line":151,"column":81}},"58":{"start":{"line":152,"column":8},"end":{"line":152,"column":48}},"59":{"start":{"line":157,"column":18},"end":{"line":157,"column":35}}},"fnMap":{"0":{"name":"(anonymous_0)","decl":{"start":{"line":5,"column":4},"end":{"line":5,"column":5}},"loc":{"start":{"line":5,"column":31},"end":{"line":12,"column":5}},"line":5},"1":{"name":"(anonymous_1)","decl":{"start":{"line":14,"column":4},"end":{"line":14,"column":5}},"loc":{"start":{"line":14,"column":11},"end":{"line":25,"column":5}},"line":14},"2":{"name":"(anonymous_2)","decl":{"start":{"line":27,"column":4},"end":{"line":27,"column":5}},"loc":{"start":{"line":27,"column":36},"end":{"line":35,"column":5}},"line":27},"3":{"name":"(anonymous_3)","decl":{"start":{"line":28,"column":37},"end":{"line":28,"column":38}},"loc":{"start":{"line":28,"column":47},"end":{"line":32,"column":9}},"line":28},"4":{"name":"(anonymous_4)","decl":{"start":{"line":37,"column":4},"end":{"line":37,"column":5}},"loc":{"start":{"line":37,"column":37},"end":{"line":46,"column":5}},"line":37},"5":{"name":"(anonymous_5)","decl":{"start":{"line":48,"column":4},"end":{"line":48,"column":5}},"loc":{"start":{"line":48,"column":42},"end":{"line":56,"column":5}},"line":48},"6":{"name":"(anonymous_6)","decl":{"start":{"line":58,"column":4},"end":{"line":58,"column":5}},"loc":{"start":{"line":58,"column":37},"end":{"line":64,"column":5}},"line":58},"7":{"name":"(anonymous_7)","decl":{"start":{"line":59,"column":38},"end":{"line":59,"column":39}},"loc":{"start":{"line":59,"column":48},"end":{"line":61,"column":9}},"line":59},"8":{"name":"(anonymous_8)","decl":{"start":{"line":66,"column":4},"end":{"line":66,"column":5}},"loc":{"start":{"line":66,"column":39},"end":{"line":85,"column":5}},"line":66},"9":{"name":"(anonymous_9)","decl":{"start":{"line":87,"column":4},"end":{"line":87,"column":5}},"loc":{"start":{"line":87,"column":20},"end":{"line":89,"column":5}},"line":87},"10":{"name":"(anonymous_10)","decl":{"start":{"line":91,"column":4},"end":{"line":91,"column":5}},"loc":{"start":{"line":91,"column":45},"end":{"line":129,"column":5}},"line":91},"11":{"name":"(anonymous_11)","decl":{"start":{"line":131,"column":4},"end":{"line":131,"column":5}},"loc":{"start":{"line":131,"column":27},"end":{"line":147,"column":5}},"line":131},"12":{"name":"(anonymous_12)","decl":{"start":{"line":141,"column":38},"end":{"line":141,"column":39}},"loc":{"start":{"line":141,"column":48},"end":{"line":144,"column":9}},"line":141},"13":{"name":"(anonymous_13)","decl":{"start":{"line":149,"column":4},"end":{"line":149,"column":5}},"loc":{"start":{"line":149,"column":41},"end":{"line":153,"column":5}},"line":149}},"branchMap":{"0":{"loc":{"start":{"line":29,"column":12},"end":{"line":31,"column":13}},"type":"if","locations":[{"start":{"line":29,"column":12},"end":{"line":31,"column":13}},{"start":{},"end":{}}],"line":29},"1":{"loc":{"start":{"line":38,"column":8},"end":{"line":45,"column":9}},"type":"if","locations":[{"start":{"line":38,"column":8},"end":{"line":45,"column":9}},{"start":{},"end":{}}],"line":38},"2":{"loc":{"start":{"line":42,"column":12},"end":{"line":44,"column":13}},"type":"if","locations":[{"start":{"line":42,"column":12},"end":{"line":44,"column":13}},{"start":{},"end":{}}],"line":42},"3":{"loc":{"start":{"line":49,"column":8},"end":{"line":55,"column":9}},"type":"if","locations":[{"start":{"line":49,"column":8},"end":{"line":55,"column":9}},{"start":{},"end":{}}],"line":49},"4":{"loc":{"start":{"line":52,"column":12},"end":{"line":54,"column":13}},"type":"if","locations":[{"start":{"line":52,"column":12},"end":{"line":54,"column":13}},{"start":{},"end":{}}],"line":52},"5":{"loc":{"start":{"line":70,"column":12},"end":{"line":70,"column":80}},"type":"if","locations":[{"start":{"line":70,"column":12},"end":{"line":70,"column":80}},{"start":{},"end":{}}],"line":70},"6":{"loc":{"start":{"line":81,"column":12},"end":{"line":81,"column":74}},"type":"if","locations":[{"start":{"line":81,"column":12},"end":{"line":81,"column":74}},{"start":{},"end":{}}],"line":81},"7":{"loc":{"start":{"line":81,"column":16},"end":{"line":81,"column":37}},"type":"binary-expr","locations":[{"start":{"line":81,"column":16},"end":{"line":81,"column":22}},{"start":{"line":81,"column":26},"end":{"line":81,"column":37}}],"line":81},"8":{"loc":{"start":{"line":134,"column":8},"end":{"line":136,"column":9}},"type":"if","locations":[{"start":{"line":134,"column":8},"end":{"line":136,"column":9}},{"start":{},"end":{}}],"line":134},"9":{"loc":{"start":{"line":151,"column":8},"end":{"line":151,"column":81}},"type":"if","locations":[{"start":{"line":151,"column":8},"end":{"line":151,"column":81}},{"start":{},"end":{}}],"line":151}},"s":{"0":0,"1":0,"2":0,"3":0,"4":0,"5":0,"6":0,"7":0,"8":0,"9":0,"10":0,"11":0,"12":0,"13":0,"14":0,"15":0,"16":0,"17":0,"18":0,"19":0,"20":0,"21":0,"22":0,"23":0,"24":0,"25":0,"26":0,"27":0,"28":0,"29":0,"30":0,"31":0,"32":0,"33":0,"34":0,"35":0,"36":0,"37":0,"38":0,"39":0,"40":0,"41":0,"42":0,"43":0,"44":0,"45":0,"46":0,"47":0,"48":0,"49":0,"50":0,"51":0,"52":0,"53":0,"54":0,"55":0,"56":0,"57":0,"58":0,"59":0},"f":{"0":0,"1":0,"2":0,"3":0,"4":0,"5":0,"6":0,"7":0,"8":0,"9":0,"10":0,"11":0,"12":0,"13":0},"b":{"0":[0,0],"1":[0,0],"2":[0,0],"3":[0,0],"4":[0,0],"5":[0,0],"6":[0,0],"7":[0,0],"8":[0,0],"9":[0,0]}}
,"D:\\Senny\\Web\\Avia-Tickets\\src\\js\\store\\locations.js": {"path":"D:\\Senny\\Web\\Avia-Tickets\\src\\js\\store\\locations.js","statementMap":{"0":{"start":{"line":7,"column":8},"end":{"line":7,"column":23}},"1":{"start":{"line":8,"column":8},"end":{"line":8,"column":30}},"2":{"start":{"line":9,"column":8},"end":{"line":9,"column":27}},"3":{"start":{"line":10,"column":8},"end":{"line":10,"column":36}},"4":{"start":{"line":11,"column":8},"end":{"line":11,"column":29}},"5":{"start":{"line":12,"column":8},"end":{"line":12,"column":29}},"6":{"start":{"line":13,"column":8},"end":{"line":13,"column":45}},"7":{"start":{"line":17,"column":25},"end":{"line":21,"column":10}},"8":{"start":{"line":23,"column":46},"end":{"line":23,"column":54}},"9":{"start":{"line":24,"column":8},"end":{"line":24,"column":60}},"10":{"start":{"line":25,"column":8},"end":{"line":25,"column":51}},"11":{"start":{"line":26,"column":8},"end":{"line":26,"column":71}},"12":{"start":{"line":27,"column":8},"end":{"line":27,"column":57}},"13":{"start":{"line":29,"column":8},"end":{"line":29,"column":24}},"14":{"start":{"line":33,"column":21},"end":{"line":33,"column":85}},"15":{"start":{"line":33,"column":61},"end":{"line":33,"column":83}},"16":{"start":{"line":34,"column":8},"end":{"line":34,"column":25}},"17":{"start":{"line":38,"column":8},"end":{"line":38,"column":38}},"18":{"start":{"line":42,"column":8},"end":{"line":42,"column":67}},"19":{"start":{"line":46,"column":8},"end":{"line":46,"column":67}},"20":{"start":{"line":50,"column":8},"end":{"line":53,"column":15}},"21":{"start":{"line":51,"column":12},"end":{"line":51,"column":39}},"22":{"start":{"line":52,"column":12},"end":{"line":52,"column":23}},"23":{"start":{"line":57,"column":8},"end":{"line":62,"column":14}},"24":{"start":{"line":58,"column":12},"end":{"line":58,"column":71}},"25":{"start":{"line":59,"column":12},"end":{"line":59,"column":63}},"26":{"start":{"line":60,"column":12},"end":{"line":60,"column":34}},"27":{"start":{"line":61,"column":12},"end":{"line":61,"column":23}},"28":{"start":{"line":66,"column":8},"end":{"line":66,"column":69}},"29":{"start":{"line":66,"column":59},"end":{"line":66,"column":69}},"30":{"start":{"line":67,"column":8},"end":{"line":70,"column":15}},"31":{"start":{"line":68,"column":12},"end":{"line":68,"column":40}},"32":{"start":{"line":69,"column":12},"end":{"line":69,"column":23}},"33":{"start":{"line":74,"column":8},"end":{"line":84,"column":15}},"34":{"start":{"line":75,"column":33},"end":{"line":75,"column":71}},"35":{"start":{"line":76,"column":12},"end":{"line":76,"column":63}},"36":{"start":{"line":77,"column":30},"end":{"line":77,"column":60}},"37":{"start":{"line":78,"column":12},"end":{"line":82,"column":14}},"38":{"start":{"line":83,"column":12},"end":{"line":83,"column":23}},"39":{"start":{"line":88,"column":8},"end":{"line":88,"column":41}},"40":{"start":{"line":92,"column":25},"end":{"line":92,"column":54}},"41":{"start":{"line":93,"column":8},"end":{"line":93,"column":63}},"42":{"start":{"line":97,"column":8},"end":{"line":111,"column":10}},"43":{"start":{"line":98,"column":12},"end":{"line":110,"column":13}},"44":{"start":{"line":115,"column":18},"end":{"line":115,"column":52}}},"fnMap":{"0":{"name":"(anonymous_0)","decl":{"start":{"line":6,"column":4},"end":{"line":6,"column":5}},"loc":{"start":{"line":6,"column":30},"end":{"line":14,"column":5}},"line":6},"1":{"name":"(anonymous_1)","decl":{"start":{"line":16,"column":4},"end":{"line":16,"column":5}},"loc":{"start":{"line":16,"column":17},"end":{"line":30,"column":5}},"line":16},"2":{"name":"(anonymous_2)","decl":{"start":{"line":32,"column":4},"end":{"line":32,"column":5}},"loc":{"start":{"line":32,"column":26},"end":{"line":35,"column":5}},"line":32},"3":{"name":"(anonymous_3)","decl":{"start":{"line":33,"column":53},"end":{"line":33,"column":54}},"loc":{"start":{"line":33,"column":61},"end":{"line":33,"column":83}},"line":33},"4":{"name":"(anonymous_4)","decl":{"start":{"line":37,"column":4},"end":{"line":37,"column":5}},"loc":{"start":{"line":37,"column":28},"end":{"line":39,"column":5}},"line":37},"5":{"name":"(anonymous_5)","decl":{"start":{"line":41,"column":4},"end":{"line":41,"column":5}},"loc":{"start":{"line":41,"column":31},"end":{"line":43,"column":5}},"line":41},"6":{"name":"(anonymous_6)","decl":{"start":{"line":45,"column":4},"end":{"line":45,"column":5}},"loc":{"start":{"line":45,"column":26},"end":{"line":47,"column":5}},"line":45},"7":{"name":"(anonymous_7)","decl":{"start":{"line":49,"column":4},"end":{"line":49,"column":5}},"loc":{"start":{"line":49,"column":34},"end":{"line":54,"column":5}},"line":49},"8":{"name":"(anonymous_8)","decl":{"start":{"line":50,"column":45},"end":{"line":50,"column":46}},"loc":{"start":{"line":50,"column":64},"end":{"line":53,"column":9}},"line":50},"9":{"name":"(anonymous_9)","decl":{"start":{"line":56,"column":4},"end":{"line":56,"column":5}},"loc":{"start":{"line":56,"column":32},"end":{"line":63,"column":5}},"line":56},"10":{"name":"(anonymous_10)","decl":{"start":{"line":57,"column":31},"end":{"line":57,"column":32}},"loc":{"start":{"line":57,"column":46},"end":{"line":62,"column":9}},"line":57},"11":{"name":"(anonymous_11)","decl":{"start":{"line":65,"column":4},"end":{"line":65,"column":5}},"loc":{"start":{"line":65,"column":35},"end":{"line":71,"column":5}},"line":65},"12":{"name":"(anonymous_12)","decl":{"start":{"line":67,"column":32},"end":{"line":67,"column":33}},"loc":{"start":{"line":67,"column":50},"end":{"line":70,"column":9}},"line":67},"13":{"name":"(anonymous_13)","decl":{"start":{"line":73,"column":4},"end":{"line":73,"column":5}},"loc":{"start":{"line":73,"column":29},"end":{"line":85,"column":5}},"line":73},"14":{"name":"(anonymous_14)","decl":{"start":{"line":74,"column":29},"end":{"line":74,"column":30}},"loc":{"start":{"line":74,"column":44},"end":{"line":84,"column":9}},"line":74},"15":{"name":"(anonymous_15)","decl":{"start":{"line":87,"column":4},"end":{"line":87,"column":5}},"loc":{"start":{"line":87,"column":31},"end":{"line":89,"column":5}},"line":87},"16":{"name":"(anonymous_16)","decl":{"start":{"line":91,"column":4},"end":{"line":91,"column":5}},"loc":{"start":{"line":91,"column":31},"end":{"line":94,"column":5}},"line":91},"17":{"name":"(anonymous_17)","decl":{"start":{"line":96,"column":4},"end":{"line":96,"column":5}},"loc":{"start":{"line":96,"column":30},"end":{"line":112,"column":5}},"line":96},"18":{"name":"(anonymous_18)","decl":{"start":{"line":97,"column":42},"end":{"line":97,"column":43}},"loc":{"start":{"line":97,"column":52},"end":{"line":111,"column":9}},"line":97}},"branchMap":{"0":{"loc":{"start":{"line":42,"column":15},"end":{"line":42,"column":66}},"type":"cond-expr","locations":[{"start":{"line":42,"column":37},"end":{"line":42,"column":61}},{"start":{"line":42,"column":64},"end":{"line":42,"column":66}}],"line":42},"1":{"loc":{"start":{"line":46,"column":15},"end":{"line":46,"column":66}},"type":"cond-expr","locations":[{"start":{"line":46,"column":37},"end":{"line":46,"column":61}},{"start":{"line":46,"column":64},"end":{"line":46,"column":66}}],"line":46},"2":{"loc":{"start":{"line":59,"column":24},"end":{"line":59,"column":62}},"type":"binary-expr","locations":[{"start":{"line":59,"column":24},"end":{"line":59,"column":33}},{"start":{"line":59,"column":37},"end":{"line":59,"column":62}}],"line":59},"3":{"loc":{"start":{"line":66,"column":8},"end":{"line":66,"column":69}},"type":"if","locations":[{"start":{"line":66,"column":8},"end":{"line":66,"column":69}},{"start":{},"end":{}}],"line":66},"4":{"loc":{"start":{"line":66,"column":11},"end":{"line":66,"column":57}},"type":"binary-expr","locations":[{"start":{"line":66,"column":11},"end":{"line":66,"column":36}},{"start":{"line":66,"column":40},"end":{"line":66,"column":57}}],"line":66},"5":{"loc":{"start":{"line":76,"column":24},"end":{"line":76,"column":62}},"type":"binary-expr","locations":[{"start":{"line":76,"column":24},"end":{"line":76,"column":33}},{"start":{"line":76,"column":37},"end":{"line":76,"column":62}}],"line":76}},"s":{"0":2,"1":2,"2":2,"3":2,"4":2,"5":2,"6":2,"7":0,"8":0,"9":0,"10":0,"11":0,"12":0,"13":0,"14":0,"15":0,"16":0,"17":0,"18":0,"19":0,"20":0,"21":0,"22":0,"23":0,"24":0,"25":0,"26":0,"27":0,"28":2,"29":1,"30":1,"31":1,"32":1,"33":0,"34":0,"35":0,"36":0,"37":0,"38":0,"39":0,"40":0,"41":0,"42":0,"43":0,"44":1},"f":{"0":2,"1":0,"2":0,"3":0,"4":0,"5":0,"6":0,"7":0,"8":0,"9":0,"10":0,"11":2,"12":1,"13":0,"14":0,"15":0,"16":0,"17":0,"18":0},"b":{"0":[0,0],"1":[0,0],"2":[0,0],"3":[1,1],"4":[2,1],"5":[0,0]},"_coverageSchema":"1a1c01bbd47fc00a2c39e90264f33305004495a9","hash":"8d2d7aef7952987868c8c56df91366830f8e945d"}
,"D:\\Senny\\Web\\Avia-Tickets\\src\\js\\views\\currency.js": {"path":"D:\\Senny\\Web\\Avia-Tickets\\src\\js\\views\\currency.js","statementMap":{"0":{"start":{"line":3,"column":8},"end":{"line":3,"column":60}},"1":{"start":{"line":4,"column":8},"end":{"line":7,"column":10}},"2":{"start":{"line":11,"column":8},"end":{"line":11,"column":35}},"3":{"start":{"line":15,"column":8},"end":{"line":15,"column":50}},"4":{"start":{"line":19,"column":19},"end":{"line":19,"column":35}}},"fnMap":{"0":{"name":"(anonymous_0)","decl":{"start":{"line":2,"column":4},"end":{"line":2,"column":5}},"loc":{"start":{"line":2,"column":18},"end":{"line":8,"column":5}},"line":2},"1":{"name":"(anonymous_1)","decl":{"start":{"line":10,"column":4},"end":{"line":10,"column":5}},"loc":{"start":{"line":10,"column":24},"end":{"line":12,"column":5}},"line":10},"2":{"name":"(anonymous_2)","decl":{"start":{"line":14,"column":4},"end":{"line":14,"column":5}},"loc":{"start":{"line":14,"column":24},"end":{"line":16,"column":5}},"line":14}},"branchMap":{},"s":{"0":0,"1":0,"2":0,"3":0,"4":0},"f":{"0":0,"1":0,"2":0},"b":{}}
,"D:\\Senny\\Web\\Avia-Tickets\\src\\js\\views\\form.js": {"path":"D:\\Senny\\Web\\Avia-Tickets\\src\\js\\views\\form.js","statementMap":{"0":{"start":{"line":6,"column":8},"end":{"line":6,"column":56}},"1":{"start":{"line":7,"column":8},"end":{"line":7,"column":69}},"2":{"start":{"line":8,"column":8},"end":{"line":8,"column":79}},"3":{"start":{"line":9,"column":8},"end":{"line":9,"column":77}},"4":{"start":{"line":10,"column":8},"end":{"line":10,"column":77}},"5":{"start":{"line":12,"column":8},"end":{"line":12,"column":68}},"6":{"start":{"line":13,"column":8},"end":{"line":13,"column":78}},"7":{"start":{"line":14,"column":8},"end":{"line":14,"column":74}},"8":{"start":{"line":15,"column":8},"end":{"line":15,"column":74}},"9":{"start":{"line":19,"column":8},"end":{"line":19,"column":26}},"10":{"start":{"line":24,"column":8},"end":{"line":24,"column":33}},"11":{"start":{"line":28,"column":8},"end":{"line":28,"column":38}},"12":{"start":{"line":32,"column":8},"end":{"line":32,"column":48}},"13":{"start":{"line":36,"column":8},"end":{"line":36,"column":48}},"14":{"start":{"line":40,"column":8},"end":{"line":40,"column":49}},"15":{"start":{"line":41,"column":8},"end":{"line":41,"column":54}},"16":{"start":{"line":45,"column":15},"end":{"line":45,"column":73}}},"fnMap":{"0":{"name":"(anonymous_0)","decl":{"start":{"line":4,"column":4},"end":{"line":4,"column":5}},"loc":{"start":{"line":4,"column":58},"end":{"line":16,"column":5}},"line":4},"1":{"name":"(anonymous_1)","decl":{"start":{"line":18,"column":4},"end":{"line":18,"column":5}},"loc":{"start":{"line":18,"column":15},"end":{"line":20,"column":5}},"line":18},"2":{"name":"(anonymous_2)","decl":{"start":{"line":23,"column":4},"end":{"line":23,"column":5}},"loc":{"start":{"line":23,"column":22},"end":{"line":25,"column":5}},"line":23},"3":{"name":"(anonymous_3)","decl":{"start":{"line":27,"column":4},"end":{"line":27,"column":5}},"loc":{"start":{"line":27,"column":27},"end":{"line":29,"column":5}},"line":27},"4":{"name":"(anonymous_4)","decl":{"start":{"line":31,"column":4},"end":{"line":31,"column":5}},"loc":{"start":{"line":31,"column":26},"end":{"line":33,"column":5}},"line":31},"5":{"name":"(anonymous_5)","decl":{"start":{"line":35,"column":4},"end":{"line":35,"column":5}},"loc":{"start":{"line":35,"column":26},"end":{"line":37,"column":5}},"line":35},"6":{"name":"(anonymous_6)","decl":{"start":{"line":39,"column":4},"end":{"line":39,"column":5}},"loc":{"start":{"line":39,"column":30},"end":{"line":42,"column":5}},"line":39}},"branchMap":{},"s":{"0":0,"1":0,"2":0,"3":0,"4":0,"5":0,"6":0,"7":0,"8":0,"9":0,"10":0,"11":0,"12":0,"13":0,"14":0,"15":0,"16":0},"f":{"0":0,"1":0,"2":0,"3":0,"4":0,"5":0,"6":0},"b":{}}
,"D:\\Senny\\Web\\Avia-Tickets\\src\\js\\views\\tickets.js": {"path":"D:\\Senny\\Web\\Avia-Tickets\\src\\js\\views\\tickets.js","statementMap":{"0":{"start":{"line":6,"column":8},"end":{"line":6,"column":74}},"1":{"start":{"line":7,"column":8},"end":{"line":7,"column":75}},"2":{"start":{"line":11,"column":8},"end":{"line":11,"column":30}},"3":{"start":{"line":13,"column":8},"end":{"line":15,"column":9}},"4":{"start":{"line":14,"column":12},"end":{"line":14,"column":32}},"5":{"start":{"line":17,"column":23},"end":{"line":17,"column":25}},"6":{"start":{"line":18,"column":25},"end":{"line":18,"column":49}},"7":{"start":{"line":20,"column":8},"end":{"line":23,"column":11}},"8":{"start":{"line":21,"column":29},"end":{"line":21,"column":71}},"9":{"start":{"line":22,"column":12},"end":{"line":22,"column":33}},"10":{"start":{"line":25,"column":8},"end":{"line":25,"column":66}},"11":{"start":{"line":29,"column":8},"end":{"line":29,"column":38}},"12":{"start":{"line":33,"column":25},"end":{"line":33,"column":53}},"13":{"start":{"line":34,"column":8},"end":{"line":34,"column":66}},"14":{"start":{"line":38,"column":8},"end":{"line":42,"column":10}},"15":{"start":{"line":46,"column":8},"end":{"line":82,"column":10}},"16":{"start":{"line":86,"column":18},"end":{"line":86,"column":43}}},"fnMap":{"0":{"name":"(anonymous_0)","decl":{"start":{"line":5,"column":4},"end":{"line":5,"column":5}},"loc":{"start":{"line":5,"column":26},"end":{"line":8,"column":5}},"line":5},"1":{"name":"(anonymous_1)","decl":{"start":{"line":10,"column":4},"end":{"line":10,"column":5}},"loc":{"start":{"line":10,"column":27},"end":{"line":26,"column":5}},"line":10},"2":{"name":"(anonymous_2)","decl":{"start":{"line":20,"column":24},"end":{"line":20,"column":25}},"loc":{"start":{"line":20,"column":34},"end":{"line":23,"column":9}},"line":20},"3":{"name":"(anonymous_3)","decl":{"start":{"line":28,"column":4},"end":{"line":28,"column":5}},"loc":{"start":{"line":28,"column":21},"end":{"line":30,"column":5}},"line":28},"4":{"name":"(anonymous_4)","decl":{"start":{"line":32,"column":4},"end":{"line":32,"column":5}},"loc":{"start":{"line":32,"column":19},"end":{"line":35,"column":5}},"line":32},"5":{"name":"(anonymous_5)","decl":{"start":{"line":37,"column":4},"end":{"line":37,"column":5}},"loc":{"start":{"line":37,"column":30},"end":{"line":43,"column":5}},"line":37},"6":{"name":"(anonymous_6)","decl":{"start":{"line":45,"column":4},"end":{"line":45,"column":5}},"loc":{"start":{"line":45,"column":44},"end":{"line":83,"column":5}},"line":45}},"branchMap":{"0":{"loc":{"start":{"line":13,"column":8},"end":{"line":15,"column":9}},"type":"if","locations":[{"start":{"line":13,"column":8},"end":{"line":15,"column":9}},{"start":{},"end":{}}],"line":13}},"s":{"0":0,"1":0,"2":0,"3":0,"4":0,"5":0,"6":0,"7":0,"8":0,"9":0,"10":0,"11":0,"12":0,"13":0,"14":0,"15":0,"16":0},"f":{"0":0,"1":0,"2":0,"3":0,"4":0,"5":0,"6":0},"b":{"0":[0,0]}}
}
